12-Apr-24 02:12:36 - Parent directory is /home/abhijitmorye/DE-ELT_Hotel_Booking
12-Apr-24 02:12:36 - Current directory is /home/abhijitmorye/DE-ELT_Hotel_Booking/elt
12-Apr-24 02:12:36 - Json Data directory is /home/abhijitmorye/DE-ELT_Hotel_Booking/elt/json_data/2024-04-12
12-Apr-24 02:12:36 - Extraction of cities data started
12-Apr-24 02:12:37 - Extraction of cities data completed, time taken - 0:00:00.397042
12-Apr-24 02:12:37 - Extraction of hotels data started
12-Apr-24 02:12:37 - Extraction of hotels data completed, time taken - 0:00:00.562387
12-Apr-24 02:12:37 - Extraction of chain types data started
12-Apr-24 02:12:38 - Extraction of chain types data completed, time taken - 0:00:00.373547
12-Apr-24 02:12:38 - Extraction of regions data started
12-Apr-24 02:12:38 - Extraction of regions data completed, time taken - 0:00:00.176993
12-Apr-24 02:12:38 - Extraction of hotel types data started
12-Apr-24 02:12:38 - Extraction of hotel types data completed, time taken - 0:00:00.177364
12-Apr-24 02:12:38 - Extraction of room facility types data started
12-Apr-24 02:12:38 - Extraction of room facility types data completed, time taken - 0:00:00.249695
12-Apr-24 02:12:38 - Extraction of payemnt types data started
12-Apr-24 02:12:39 - Extraction of payment types data completed, time taken - 0:00:00.188759
12-Apr-24 02:12:39 - Extraction of districts data started
12-Apr-24 02:12:39 - Extraction of districts data completed, time taken - 0:00:00.307237
12-Apr-24 02:12:39 - Extraction of countries data started
12-Apr-24 02:12:39 - Extraction of countries data completed, time taken - 0:00:00.170876
12-Apr-24 02:12:39 - Extraction of room-types data started
12-Apr-24 02:12:39 - Extraction of room-types data completed, time taken - 0:00:00.196506
12-Apr-24 02:12:39 - Extraction of hotel-facility-types data started
12-Apr-24 02:12:39 - Extraction of hotel-facility-types data completed, time taken - 0:00:00.188096
12-Apr-24 02:12:39 - Extraction of facility-types data started
12-Apr-24 02:12:40 - Extraction of facility-types data completed, time taken - 0:00:00.187705
12-Apr-24 02:12:40 - Extraction of data completed. Time taken - 0:00:03.205719
12-Apr-24 02:12:40 - Done. Returned value was: None
12-Apr-24 02:12:40 - ::group::Post task execution logs
12-Apr-24 02:12:40 - Marking task as SUCCESS. dag_id=elt_hotel_data, task_id=extract_hotel_api_data_task, execution_date=20240412T021232, start_date=20240412T021236, end_date=20240412T021240
